YES     ASPHERE
YES     MANYBODY
YES     ATC
YES     BOCS
YES     BODY
YES     BPM
YES     BROWNIAN
YES     MOLECULE
YES     CG-DNA
YES     CG-SDK
YES     CLASS2
YES     COLLOID
YES     CORESHELL
YES     EXTRA-PAIR
YES     KSPACE
YES     DIELECTRIC
YES     DIFFRACTION
YES     DIPOLE
YES     DPD-BASIC
YES     DPD-MESO
YES     DPD-REACT
YES     DPD-SMOOTH
YES     DRUDE
YES     EFF
YES     EXTRA-COMPUTE
YES     EXTRA-DUMP
YES     EXTRA-FIX
YES     EXTRA-MOLECULE
YES     FEP
YES     GPU
YES     GRANULAR
YES     INTERLAYER
YES     LATBOLTZ
YES     MACHDYN
YES     MANIFOLD
YES     MC
YES     MEAM
YES     MGPT
YES     MISC
YES     ML-SNAP
YES     ML-IAP
YES     ML-RANN
YES     MOFFF
YES     MPIIO
YES     OPENMP
YES     OPT
YES     ORIENT
YES     PERI
YES     PHONON
YES     PLUGIN
YES     PTM
YES     QEQ
YES     QTB
YES     REACTION
YES     REAXFF
YES     REPLICA
YES     RIGID
YES     SHOCK
YES     SMTBQ
YES     SPH
YES     SPIN
YES     SRD
YES     TALLY
YES     UEF
YES     VORONOI
YES     YAFF
YES     ML-PACE