YES     AMOEBA
YES     ASPHERE
YES     ATC
YES     AWPMD
YES     BOCS
YES     BODY
YES     BPM
YES     BROWNIAN
YES     CG-DNA
YES     CG-SPICA
YES     CLASS2
YES     COLLOID
YES     COLVARS
YES     COMPRESS
YES     CORESHELL
YES     DIELECTRIC
YES     DIFFRACTION
YES     DIPOLE
YES     DPD-BASIC
YES     DPD-MESO
YES     DPD-REACT
YES     DPD-SMOOTH
YES     DRUDE
YES     EFF
YES     ELECTRODE
YES     EXTRA-COMMAND
YES     EXTRA-COMPUTE
YES     EXTRA-DUMP
YES     EXTRA-FIX
YES     EXTRA-MOLECULE
YES     EXTRA-PAIR
YES     FEP
YES     GPU
YES     GRANULAR
YES     INTEL
YES     INTERLAYER
YES     KIM
YES     KOKKOS
YES     KSPACE
YES     LEPTON
YES     MACHDYN
YES     MANYBODY
YES     MC
YES     MDI
YES     MEAM
YES     MESONT
YES     MISC
YES     ML-IAP
YES     ML-PACE
YES     ML-POD
YES     ML-SNAP
YES     ML-UF3
YES     MOFFF
YES     MOLECULE
YES     OPENMP
YES     OPT
YES     ORIENT
YES     PERI
YES     PHONON
YES     PLUGIN
YES     POEMS
YES     PTM
YES     QEQ
YES     REACTION
YES     REAXFF
YES     REPLICA
YES     RHEO
YES     RIGID
YES     SHOCK
YES     SMTBQ
YES     SPH
YES     SPIN
YES     SRD
YES     TALLY
YES     UEF
YES     VORONOI
YES     YAFF
